{
  "RSpec": {
    "coverage": {
      "/Users/Angela/turing/3module/storedom/app/helpers/application_helper.rb": [
        1,
        null
      ],
      "/Users/Angela/turing/3module/storedom/app/helpers/items_helper.rb": [
        1,
        null
      ],
      "/Users/Angela/turing/3module/storedom/app/helpers/orders_helper.rb": [
        1,
        null
      ],
      "/Users/Angela/turing/3module/storedom/app/helpers/users_helper.rb": [
        1,
        null
      ],
      "/Users/Angela/turing/3module/storedom/app/services/store_service.rb": [
        1,
        1,
        5,
        5,
        5,
        null,
        null,
        1,
        3,
        3,
        3,
        null,
        null,
        1,
        2,
        2,
        2,
        null,
        null,
        1,
        5,
        null,
        null
      ],
      "/Users/Angela/turing/3module/storedom/app/controllers/items_controller.rb": [
        1,
        1,
        3,
        null,
        null,
        1,
        0,
        null,
        null
      ],
      "/Users/Angela/turing/3module/storedom/app/controllers/application_controller.rb": [
        1,
        null,
        null,
        1,
        null
      ],
      "/Users/Angela/turing/3module/storedom/app/models/item.rb": [
        1,
        1,
        1,
        null
      ],
      "/Users/Angela/turing/3module/storedom/app/controllers/search_controller.rb": [
        1,
        null,
        1,
        2,
        null,
        null
      ],
      "/Users/Angela/turing/3module/storedom/app/models/stores.rb": [
        1,
        1,
        3,
        null,
        null,
        1,
        2,
        2,
        2,
        2,
        30,
        null,
        null,
        null,
        1,
        1,
        1,
        null,
        null,
        null
      ],
      "/Users/Angela/turing/3module/storedom/app/models/store.rb": [
        1,
        1,
        31,
        31,
        null,
        null,
        1,
        2,
        null,
        null,
        1,
        30,
        null,
        null,
        1,
        30,
        null,
        null,
        1,
        30,
        null,
        null,
        1,
        30,
        null,
        null,
        1,
        31,
        null,
        null,
        1,
        30,
        null,
        null,
        1,
        1,
        null,
        null,
        1,
        1,
        null,
        null,
        1,
        1,
        null,
        null,
        1,
        1,
        null
      ],
      "/Users/Angela/turing/3module/storedom/app/controllers/store_controller.rb": [
        1,
        null,
        1,
        1,
        null,
        null,
        null
      ],
      "/Users/Angela/turing/3module/storedom/app/controllers/api/v1/items_controller.rb": [
        1,
        1,
        1,
        null,
        null,
        1,
        1,
        null,
        null,
        1,
        1,
        1,
        1,
        null,
        null,
        null,
        1,
        1,
        1,
        null,
        null,
        1,
        1,
        1,
        null,
        null
      ],
      "/Users/Angela/turing/3module/storedom/app/controllers/orders_controller.rb": [
        0,
        0,
        0,
        0,
        0,
        0,
        0,
        0,
        0
      ],
      "/Users/Angela/turing/3module/storedom/app/controllers/users_controller.rb": [
        0,
        0,
        0,
        0,
        0,
        0,
        0,
        0,
        0
      ],
      "/Users/Angela/turing/3module/storedom/app/models/order.rb": [
        0,
        0,
        0,
        0,
        0,
        0
      ],
      "/Users/Angela/turing/3module/storedom/app/models/order_item.rb": [
        0,
        0,
        0,
        0
      ],
      "/Users/Angela/turing/3module/storedom/app/models/user.rb": [
        0,
        0,
        0
      ]
    },
    "timestamp": 1474394331
  }
}
